Using pre-set license
Built from '2021.3/staging' branch; Version is '2021.3.9f1 (ad3870b89536) revision 11352176'; Using compiler version '192829333'; Build Type 'Release'
OS: 'Windows 10  (10.0.19045) 64bit Professional' Language: 'en' Physical Memory: 32717 MB
BatchMode: 1, IsHumanControllingUs: 0, StartBugReporterOnCrash: 0, Is64bit: 1, IsPro: 1

COMMAND LINE ARGUMENTS:
C:\Program Files\Unity\Hub\Editor\2021.3.9f1\Editor\Unity.exe
-adb2
-batchMode
-noUpm
-name
AssetImportWorker0
-projectPath
C:/Users/devon/Desktop/MissingGames/Getting-Dicey-main/Getting-Dicey-main/Getting Dicey
-logFile
Logs/AssetImportWorker0.log
-srvPort
63314
Successfully changed project path to: C:/Users/devon/Desktop/MissingGames/Getting-Dicey-main/Getting-Dicey-main/Getting Dicey
C:/Users/devon/Desktop/MissingGames/Getting-Dicey-main/Getting-Dicey-main/Getting Dicey
[UnityMemory] Configuration Parameters - Can be set up in boot.config
    "memorysetup-bucket-allocator-granularity=16"
    "memorysetup-bucket-allocator-bucket-count=8"
    "memorysetup-bucket-allocator-block-size=33554432"
    "memorysetup-bucket-allocator-block-count=8"
    "memorysetup-main-allocator-block-size=16777216"
    "memorysetup-thread-allocator-block-size=16777216"
    "memorysetup-gfx-main-allocator-block-size=16777216"
    "memorysetup-gfx-thread-allocator-block-size=16777216"
    "memorysetup-cache-allocator-block-size=4194304"
    "memorysetup-typetree-allocator-block-size=2097152"
    "memorysetup-profiler-bucket-allocator-granularity=16"
    "memorysetup-profiler-bucket-allocator-bucket-count=8"
    "memorysetup-profiler-bucket-allocator-block-size=33554432"
    "memorysetup-profiler-bucket-allocator-block-count=8"
    "memorysetup-profiler-allocator-block-size=16777216"
    "memorysetup-profiler-editor-allocator-block-size=1048576"
    "memorysetup-temp-allocator-size-main=16777216"
    "memorysetup-job-temp-allocator-block-size=2097152"
    "memorysetup-job-temp-allocator-block-size-background=1048576"
    "memorysetup-job-temp-allocator-reduction-small-platforms=262144"
    "memorysetup-temp-allocator-size-background-worker=32768"
    "memorysetup-temp-allocator-size-job-worker=262144"
    "memorysetup-temp-allocator-size-preload-manager=33554432"
    "memorysetup-temp-allocator-size-nav-mesh-worker=65536"
    "memorysetup-temp-allocator-size-audio-worker=65536"
    "memorysetup-temp-allocator-size-cloud-worker=32768"
    "memorysetup-temp-allocator-size-gi-baking-worker=262144"
    "memorysetup-temp-allocator-size-gfx=262144"
Refreshing native plugins compatible for Editor in 130.82 ms, found 3 plugins.
Preloading 0 native plugins for Editor in 0.00 ms.
Initialize engine version: 2021.3.9f1 (ad3870b89536)
[Subsystems] Discovering subsystems at path C:/Program Files/Unity/Hub/Editor/2021.3.9f1/Editor/Data/Resources/UnitySubsystems
[Subsystems] Discovering subsystems at path C:/Users/devon/Desktop/MissingGames/Getting-Dicey-main/Getting-Dicey-main/Getting Dicey/Assets
GfxDevice: creating device client; threaded=0; jobified=0
Direct3D:
    Version:  Direct3D 11.0 [level 11.1]
    Renderer: NVIDIA GeForce RTX 3060 (ID=0x2504)
    Vendor:   NVIDIA
    VRAM:     12143 MB
    Driver:   30.0.14.7288
Initialize mono
Mono path[0] = 'C:/Program Files/Unity/Hub/Editor/2021.3.9f1/Editor/Data/Managed'
Mono path[1] = 'C:/Program Files/Unity/Hub/Editor/2021.3.9f1/Editor/Data/MonoBleedingEdge/lib/mono/unityjit-win32'
Mono config path = 'C:/Program Files/Unity/Hub/Editor/2021.3.9f1/Editor/Data/MonoBleedingEdge/etc'
Using monoOptions --debugger-agent=transport=dt_socket,embedding=1,server=y,suspend=n,address=127.0.0.1:56484
Begin MonoManager ReloadAssembly
Registering precompiled unity dll's ...
Register platform support module: C:/Program Files/Unity/Hub/Editor/2021.3.9f1/Editor/Data/PlaybackEngines/WindowsStandaloneSupport/UnityEditor.WindowsStandalone.Extensions.dll
Registered in 0.008899 seconds.
Native extension for WindowsStandalone target not found
Refreshing native plugins compatible for Editor in 148.92 ms, found 3 plugins.
Preloading 0 native plugins for Editor in 0.00 ms.
Mono: successfully reloaded assembly
- Completed reload, in  0.781 seconds
Domain Reload Profiling:
	ReloadAssembly (781ms)
		BeginReloadAssembly (77ms)
			ExecutionOrderSort (0ms)
			DisableScriptedObjects (0ms)
			BackupInstance (0ms)
			ReleaseScriptingObjects (0ms)
			CreateAndSetChildDomain (1ms)
		EndReloadAssembly (583ms)
			LoadAssemblies (75ms)
			RebuildTransferFunctionScriptingTraits (0ms)
			SetupTypeCache (105ms)
			ReleaseScriptCaches (0ms)
			RebuildScriptCaches (31ms)
			SetupLoadedEditorAssemblies (394ms)
				LogAssemblyErrors (0ms)
				InitializePlatformSupportModulesInManaged (13ms)
				SetLoadedEditorAssemblies (0ms)
				RefreshPlugins (149ms)
				BeforeProcessingInitializeOnLoad (1ms)
				ProcessInitializeOnLoadAttributes (180ms)
				ProcessInitializeOnLoadMethodAttributes (50ms)
				AfterProcessingInitializeOnLoad (0ms)
				EditorAssembliesLoaded (0ms)
			ExecutionOrderSort2 (0ms)
			AwakeInstancesAfterBackupRestoration (0ms)
Platform modules already initialized, skipping
Registering precompiled user dll's ...
Registered in 0.011396 seconds.
Begin MonoManager ReloadAssembly
Symbol file LoadedFromMemory doesn't match image C:\Users\devon\Desktop\MissingGames\Getting-Dicey-main\Getting-Dicey-main\Getting Dicey\Library\PackageCache\com.unity.visualscripting@1.8.0\Editor\VisualScripting.Core\Dependencies\YamlDotNet\Unity.VisualScripting.YamlDotNet.dll
Symbol file LoadedFromMemory doesn't match image C:\Users\devon\Desktop\MissingGames\Getting-Dicey-main\Getting-Dicey-main\Getting Dicey\Library\PackageCache\com.unity.visualscripting@1.8.0\Editor\VisualScripting.Core\Dependencies\DotNetZip\Unity.VisualScripting.IonicZip.dll
Native extension for WindowsStandalone target not found
Refreshing native plugins compatible for Editor in 113.28 ms, found 3 plugins.
Preloading 0 native plugins for Editor in 0.00 ms.
Mono: successfully reloaded assembly
- Completed reload, in  1.394 seconds
Domain Reload Profiling:
	ReloadAssembly (1395ms)
		BeginReloadAssembly (117ms)
			ExecutionOrderSort (0ms)
			DisableScriptedObjects (5ms)
			BackupInstance (0ms)
			ReleaseScriptingObjects (0ms)
			CreateAndSetChildDomain (20ms)
		EndReloadAssembly (1148ms)
			LoadAssemblies (107ms)
			RebuildTransferFunctionScriptingTraits (0ms)
			SetupTypeCache (310ms)
			ReleaseScriptCaches (1ms)
			RebuildScriptCaches (58ms)
			SetupLoadedEditorAssemblies (635ms)
				LogAssemblyErrors (0ms)
				InitializePlatformSupportModulesInManaged (5ms)
				SetLoadedEditorAssemblies (0ms)
				RefreshPlugins (113ms)
				BeforeProcessingInitializeOnLoad (129ms)
				ProcessInitializeOnLoadAttributes (301ms)
				ProcessInitializeOnLoadMethodAttributes (77ms)
				AfterProcessingInitializeOnLoad (11ms)
				EditorAssembliesLoaded (0ms)
			ExecutionOrderSort2 (0ms)
			AwakeInstancesAfterBackupRestoration (6ms)
Platform modules already initialized, skipping
========================================================================
Worker process is ready to serve import requests
Launched and connected shader compiler UnityShaderCompiler.exe after 0.05 seconds
Refreshing native plugins compatible for Editor in 2.21 ms, found 3 plugins.
Preloading 0 native plugins for Editor in 0.00 ms.
Unloading 5504 Unused Serialized files (Serialized files now loaded: 0)
Unloading 38 unused Assets / (0.7 MB). Loaded Objects now: 5955.
Memory consumption went from 219.1 MB to 218.4 MB.
Total: 6.616000 ms (FindLiveObjects: 0.640500 ms CreateObjectMapping: 0.171700 ms MarkObjects: 5.337800 ms  DeleteObjects: 0.463800 ms)

AssetImportParameters requested are different than current active one (requested -> active):
  custom:video-decoder-ogg-theora: a1e56fd34408186e4bbccfd4996cb3dc -> 
  custom:container-muxer-webm: aa71ff27fc2769a1b78a27578f13a17b -> 
  custom:container-demuxer-webm: 4f35f7cbe854078d1ac9338744f61a02 -> 
  custom:video-encoder-webm-vp8: eb34c28f22e8b96e1ab97ce403110664 -> 
  custom:audio-encoder-webm-vorbis: bf7c407c2cedff20999df2af8eb42d56 -> 
  custom:framework-win-MediaFoundation: 216162199b28c13a410421893ffa2e32 -> 
  custom:container-demuxer-ogg: 62fdf1f143b41e24485cea50d1cbac27 -> 
  custom:video-decoder-webm-vp8: 9c59270c3fd7afecdb556c50c9e8de78 -> 
  custom:audio-decoder-ogg-vorbis: bf7c407c2cedff20999df2af8eb42d56 -> 
========================================================================
Received Import Request.
  Time since last request: 84786.858856 seconds.
  path: Assets/UniversalRenderPipelineGlobalSettings.asset
  artifactKey: Guid(f65345d96704de74d850d9f576d427e9) Importer(815301076,1909f56bfc062723c751e8b465ee728b)
Start importing Assets/UniversalRenderPipelineGlobalSettings.asset using Guid(f65345d96704de74d850d9f576d427e9) Importer(815301076,1909f56bfc062723c751e8b465ee728b)  -> (artifact id: 'f6c6ff18f70fe83823cdf0001f43c6a0') in 0.046060 seconds 
========================================================================
Received Import Request.
  Time since last request: 0.000034 seconds.
  path: Assets/Pipeline_Renderer.asset
  artifactKey: Guid(5349a1c760985ac41ab7cd8c06713fe7) Importer(815301076,1909f56bfc062723c751e8b465ee728b)
Start importing Assets/Pipeline_Renderer.asset using Guid(5349a1c760985ac41ab7cd8c06713fe7) Importer(815301076,1909f56bfc062723c751e8b465ee728b)  -> (artifact id: '943ccb847747a82f798eb4bd3abc338b') in 0.003254 seconds 
========================================================================
Received Import Request.
  Time since last request: 0.000031 seconds.
  path: Assets/Dice Mat.physicMaterial
  artifactKey: Guid(a9ee396e1b4a1c24cb5ec34966778e61) Importer(815301076,1909f56bfc062723c751e8b465ee728b)
Start importing Assets/Dice Mat.physicMaterial using Guid(a9ee396e1b4a1c24cb5ec34966778e61) Importer(815301076,1909f56bfc062723c751e8b465ee728b)  -> (artifact id: 'fef8dce5bcce287b05eea34d16faa412') in 0.004787 seconds 
========================================================================
Received Import Request.
  Time since last request: 0.000040 seconds.
  path: Assets/Pipeline.asset
  artifactKey: Guid(eacdfb274787fd44bbfc28073be30731) Importer(815301076,1909f56bfc062723c751e8b465ee728b)
Start importing Assets/Pipeline.asset using Guid(eacdfb274787fd44bbfc28073be30731) Importer(815301076,1909f56bfc062723c751e8b465ee728b)  -> (artifact id: 'e00257bb2349b55b3c6e1126f36d0d54') in 0.004038 seconds 
========================================================================
Received Prepare
Registering precompiled user dll's ...
Registered in 0.009202 seconds.
Begin MonoManager ReloadAssembly
Symbol file LoadedFromMemory doesn't match image C:\Users\devon\Desktop\MissingGames\Getting-Dicey-main\Getting-Dicey-main\Getting Dicey\Library\PackageCache\com.unity.visualscripting@1.8.0\Editor\VisualScripting.Core\Dependencies\YamlDotNet\Unity.VisualScripting.YamlDotNet.dll
Symbol file LoadedFromMemory doesn't match image C:\Users\devon\Desktop\MissingGames\Getting-Dicey-main\Getting-Dicey-main\Getting Dicey\Library\PackageCache\com.unity.visualscripting@1.8.0\Editor\VisualScripting.Core\Dependencies\DotNetZip\Unity.VisualScripting.IonicZip.dll
Native extension for WindowsStandalone target not found
Refreshing native plugins compatible for Editor in 1.56 ms, found 3 plugins.
Preloading 0 native plugins for Editor in 0.00 ms.
Mono: successfully reloaded assembly
- Completed reload, in  1.370 seconds
Domain Reload Profiling:
	ReloadAssembly (1370ms)
		BeginReloadAssembly (175ms)
			ExecutionOrderSort (0ms)
			DisableScriptedObjects (7ms)
			BackupInstance (0ms)
			ReleaseScriptingObjects (0ms)
			CreateAndSetChildDomain (54ms)
		EndReloadAssembly (1080ms)
			LoadAssemblies (115ms)
			RebuildTransferFunctionScriptingTraits (0ms)
			SetupTypeCache (319ms)
			ReleaseScriptCaches (2ms)
			RebuildScriptCaches (46ms)
			SetupLoadedEditorAssemblies (551ms)
				LogAssemblyErrors (0ms)
				InitializePlatformSupportModulesInManaged (15ms)
				SetLoadedEditorAssemblies (1ms)
				RefreshPlugins (2ms)
				BeforeProcessingInitializeOnLoad (113ms)
				ProcessInitializeOnLoadAttributes (327ms)
				ProcessInitializeOnLoadMethodAttributes (83ms)
				AfterProcessingInitializeOnLoad (10ms)
				EditorAssembliesLoaded (0ms)
			ExecutionOrderSort2 (0ms)
			AwakeInstancesAfterBackupRestoration (10ms)
Platform modules already initialized, skipping
Refreshing native plugins compatible for Editor in 3.95 ms, found 3 plugins.
Preloading 0 native plugins for Editor in 0.00 ms.
Unloading 5369 Unused Serialized files (Serialized files now loaded: 0)
Unloading 31 unused Assets / (0.7 MB). Loaded Objects now: 5959.
Memory consumption went from 209.3 MB to 208.6 MB.
Total: 5.152400 ms (FindLiveObjects: 0.605900 ms CreateObjectMapping: 0.164000 ms MarkObjects: 3.732400 ms  DeleteObjects: 0.648700 ms)

AssetImportParameters requested are different than current active one (requested -> active):
  custom:video-decoder-ogg-theora: a1e56fd34408186e4bbccfd4996cb3dc -> 
  custom:container-muxer-webm: aa71ff27fc2769a1b78a27578f13a17b -> 
  custom:container-demuxer-webm: 4f35f7cbe854078d1ac9338744f61a02 -> 
  custom:video-encoder-webm-vp8: eb34c28f22e8b96e1ab97ce403110664 -> 
  custom:audio-encoder-webm-vorbis: bf7c407c2cedff20999df2af8eb42d56 -> 
  custom:framework-win-MediaFoundation: 216162199b28c13a410421893ffa2e32 -> 
  custom:container-demuxer-ogg: 62fdf1f143b41e24485cea50d1cbac27 -> 
  custom:video-decoder-webm-vp8: 9c59270c3fd7afecdb556c50c9e8de78 -> 
  custom:audio-decoder-ogg-vorbis: bf7c407c2cedff20999df2af8eb42d56 -> 
========================================================================
Received Import Request.
  Time since last request: 238.547611 seconds.
  path: Assets/background_movement.cs
  artifactKey: Guid(80d0117bb277e234c9c6c4326b62cebc) Importer(815301076,1909f56bfc062723c751e8b465ee728b)
Start importing Assets/background_movement.cs using Guid(80d0117bb277e234c9c6c4326b62cebc) Importer(815301076,1909f56bfc062723c751e8b465ee728b)  -> (artifact id: '7b699a98c158c1b2cef38ae1661d3104') in 0.020057 seconds 
========================================================================
Received Import Request.
  Time since last request: 6.813219 seconds.
  path: Assets/Scenes
  artifactKey: Guid(6ea315d0fd7389c41b19996891e99ae3) Importer(815301076,1909f56bfc062723c751e8b465ee728b)
Start importing Assets/Scenes using Guid(6ea315d0fd7389c41b19996891e99ae3) Importer(815301076,1909f56bfc062723c751e8b465ee728b)  -> (artifact id: 'b8193726cff86800c54781cdc6d54904') in 0.002128 seconds 
========================================================================
Received Import Request.
  Time since last request: 1.802215 seconds.
  path: Assets/Scenes/Main Menu.unity
  artifactKey: Guid(f019ddae06b07c52982da787ac72f24f) Importer(815301076,1909f56bfc062723c751e8b465ee728b)
Start importing Assets/Scenes/Main Menu.unity using Guid(f019ddae06b07c52982da787ac72f24f) Importer(815301076,1909f56bfc062723c751e8b465ee728b)  -> (artifact id: '63469458371b2e037fecd19ed52ab1ec') in 0.002272 seconds 
========================================================================
Received Prepare
Registering precompiled user dll's ...
Registered in 0.008913 seconds.
Begin MonoManager ReloadAssembly
Symbol file LoadedFromMemory doesn't match image C:\Users\devon\Desktop\MissingGames\Getting-Dicey-main\Getting-Dicey-main\Getting Dicey\Library\PackageCache\com.unity.visualscripting@1.8.0\Editor\VisualScripting.Core\Dependencies\YamlDotNet\Unity.VisualScripting.YamlDotNet.dll
Symbol file LoadedFromMemory doesn't match image C:\Users\devon\Desktop\MissingGames\Getting-Dicey-main\Getting-Dicey-main\Getting Dicey\Library\PackageCache\com.unity.visualscripting@1.8.0\Editor\VisualScripting.Core\Dependencies\DotNetZip\Unity.VisualScripting.IonicZip.dll
Native extension for WindowsStandalone target not found
Refreshing native plugins compatible for Editor in 1.12 ms, found 3 plugins.
Preloading 0 native plugins for Editor in 0.00 ms.
Mono: successfully reloaded assembly
- Completed reload, in  1.561 seconds
Domain Reload Profiling:
	ReloadAssembly (1561ms)
		BeginReloadAssembly (203ms)
			ExecutionOrderSort (0ms)
			DisableScriptedObjects (5ms)
			BackupInstance (0ms)
			ReleaseScriptingObjects (0ms)
			CreateAndSetChildDomain (55ms)
		EndReloadAssembly (1187ms)
			LoadAssemblies (167ms)
			RebuildTransferFunctionScriptingTraits (0ms)
			SetupTypeCache (397ms)
			ReleaseScriptCaches (3ms)
			RebuildScriptCaches (58ms)
			SetupLoadedEditorAssemblies (525ms)
				LogAssemblyErrors (0ms)
				InitializePlatformSupportModulesInManaged (13ms)
				SetLoadedEditorAssemblies (0ms)
				RefreshPlugins (1ms)
				BeforeProcessingInitializeOnLoad (109ms)
				ProcessInitializeOnLoadAttributes (297ms)
				ProcessInitializeOnLoadMethodAttributes (91ms)
				AfterProcessingInitializeOnLoad (13ms)
				EditorAssembliesLoaded (0ms)
			ExecutionOrderSort2 (0ms)
			AwakeInstancesAfterBackupRestoration (10ms)
Platform modules already initialized, skipping
Refreshing native plugins compatible for Editor in 3.91 ms, found 3 plugins.
Preloading 0 native plugins for Editor in 0.00 ms.
Unloading 5367 Unused Serialized files (Serialized files now loaded: 0)
Unloading 29 unused Assets / (0.7 MB). Loaded Objects now: 5962.
Memory consumption went from 209.3 MB to 208.6 MB.
Total: 5.244300 ms (FindLiveObjects: 0.734400 ms CreateObjectMapping: 0.395000 ms MarkObjects: 3.654500 ms  DeleteObjects: 0.458900 ms)

AssetImportParameters requested are different than current active one (requested -> active):
  custom:video-decoder-ogg-theora: a1e56fd34408186e4bbccfd4996cb3dc -> 
  custom:container-muxer-webm: aa71ff27fc2769a1b78a27578f13a17b -> 
  custom:container-demuxer-webm: 4f35f7cbe854078d1ac9338744f61a02 -> 
  custom:video-encoder-webm-vp8: eb34c28f22e8b96e1ab97ce403110664 -> 
  custom:audio-encoder-webm-vorbis: bf7c407c2cedff20999df2af8eb42d56 -> 
  custom:framework-win-MediaFoundation: 216162199b28c13a410421893ffa2e32 -> 
  custom:container-demuxer-ogg: 62fdf1f143b41e24485cea50d1cbac27 -> 
  custom:video-decoder-webm-vp8: 9c59270c3fd7afecdb556c50c9e8de78 -> 
  custom:audio-decoder-ogg-vorbis: bf7c407c2cedff20999df2af8eb42d56 -> 
========================================================================
Received Import Request.
  Time since last request: 41.350029 seconds.
  path: Assets/Packages
  artifactKey: Guid(98c4f9e9bbe036444bfbd813fb433f7b) Importer(815301076,1909f56bfc062723c751e8b465ee728b)
Start importing Assets/Packages using Guid(98c4f9e9bbe036444bfbd813fb433f7b) Importer(815301076,1909f56bfc062723c751e8b465ee728b)  -> (artifact id: '36d391ad501496028e2da1790c67d1e8') in 0.011674 seconds 
========================================================================
Received Import Request.
  Time since last request: 0.824199 seconds.
  path: Assets/Packages/Dice
  artifactKey: Guid(a7f3f2b3b001c8445b8e8c9e37060ec9) Importer(815301076,1909f56bfc062723c751e8b465ee728b)
Start importing Assets/Packages/Dice using Guid(a7f3f2b3b001c8445b8e8c9e37060ec9) Importer(815301076,1909f56bfc062723c751e8b465ee728b)  -> (artifact id: 'beddab74fa6d2facffa84e52f24c453b') in 0.002192 seconds 
========================================================================
Received Import Request.
  Time since last request: 3.024374 seconds.
  path: Assets/Packages/Dice/-Read-Me-.txt
  artifactKey: Guid(3c108f41fea98c449ae540d327852ac2) Importer(815301076,1909f56bfc062723c751e8b465ee728b)
Start importing Assets/Packages/Dice/-Read-Me-.txt using Guid(3c108f41fea98c449ae540d327852ac2) Importer(815301076,1909f56bfc062723c751e8b465ee728b)  -> (artifact id: 'defc0ef17ea242be7c329c21a29ffc33') in 0.015847 seconds 
========================================================================
Received Import Request.
  Time since last request: 12.914723 seconds.
  path: Assets/Packages/Dice/Scripts
  artifactKey: Guid(8a836e3b887237a4992ab73f573895af) Importer(815301076,1909f56bfc062723c751e8b465ee728b)
Start importing Assets/Packages/Dice/Scripts using Guid(8a836e3b887237a4992ab73f573895af) Importer(815301076,1909f56bfc062723c751e8b465ee728b)  -> (artifact id: '23137d6112faae8abaca2ba057f02ff0') in 0.002009 seconds 
========================================================================
Received Import Request.
  Time since last request: 0.949580 seconds.
  path: Assets/Packages/Dice/Scripts/Dice
  artifactKey: Guid(c4350e46c95b25148b2caea67286a3e4) Importer(815301076,1909f56bfc062723c751e8b465ee728b)
Start importing Assets/Packages/Dice/Scripts/Dice using Guid(c4350e46c95b25148b2caea67286a3e4) Importer(815301076,1909f56bfc062723c751e8b465ee728b)  -> (artifact id: '1341bf527c2d8ccf91e4d4fc06cad44f') in 0.001749 seconds 
========================================================================
Received Import Request.
  Time since last request: 0.887461 seconds.
  path: Assets/Packages/Dice/Scripts/Dice/Die_d10.cs
  artifactKey: Guid(ae5a48c480748a74190ef1d6b7c98e36) Importer(815301076,1909f56bfc062723c751e8b465ee728b)
Start importing Assets/Packages/Dice/Scripts/Dice/Die_d10.cs using Guid(ae5a48c480748a74190ef1d6b7c98e36) Importer(815301076,1909f56bfc062723c751e8b465ee728b)  -> (artifact id: 'eec07446956e33cf43b04b4482406e1e') in 0.002166 seconds 
========================================================================
Received Import Request.
  Time since last request: 6.672206 seconds.
  path: Assets/Packages/Dice/Scripts/Dice/Die_d6.cs
  artifactKey: Guid(3f3f252609f370b4eb2e1853ab6b3df4) Importer(815301076,1909f56bfc062723c751e8b465ee728b)
Start importing Assets/Packages/Dice/Scripts/Dice/Die_d6.cs using Guid(3f3f252609f370b4eb2e1853ab6b3df4) Importer(815301076,1909f56bfc062723c751e8b465ee728b)  -> (artifact id: 'c1500daa31f452855178df8ab69b472d') in 0.002188 seconds 
========================================================================
Received Import Request.
  Time since last request: 68.869976 seconds.
  path: Assets/Packages/Dice/Plugins
  artifactKey: Guid(3d70204745dd0ef409a9ad5c38d77b3e) Importer(815301076,1909f56bfc062723c751e8b465ee728b)
Start importing Assets/Packages/Dice/Plugins using Guid(3d70204745dd0ef409a9ad5c38d77b3e) Importer(815301076,1909f56bfc062723c751e8b465ee728b)  -> (artifact id: 'f304ff339fea30ad6e456258e56017f6') in 0.002146 seconds 
========================================================================
Received Import Request.
  Time since last request: 0.993316 seconds.
  path: Assets/Packages/Dice/Plugins/Dice.cs
  artifactKey: Guid(7fa0681581a2d8e42a6caa22205a0309) Importer(815301076,1909f56bfc062723c751e8b465ee728b)
Start importing Assets/Packages/Dice/Plugins/Dice.cs using Guid(7fa0681581a2d8e42a6caa22205a0309) Importer(815301076,1909f56bfc062723c751e8b465ee728b)  -> (artifact id: 'faaad0fabfc3ed36e9746aaaff595e6c') in 0.001575 seconds 
========================================================================
Received Import Request.
  Time since last request: 3.499284 seconds.
  path: Assets/Packages/Dice/Plugins/Die.cs
  artifactKey: Guid(87fb6a6dfbe34b04483681619ad87512) Importer(815301076,1909f56bfc062723c751e8b465ee728b)
Start importing Assets/Packages/Dice/Plugins/Die.cs using Guid(87fb6a6dfbe34b04483681619ad87512) Importer(815301076,1909f56bfc062723c751e8b465ee728b)  -> (artifact id: '0f57087935bd17bdc322a966916a08f1') in 0.002098 seconds 
========================================================================
Received Import Request.
  Time since last request: 3.781089 seconds.
  path: Assets/Packages/Dice/Resources
  artifactKey: Guid(3b4199dcb3a34c245a6ab11741d1df4b) Importer(815301076,1909f56bfc062723c751e8b465ee728b)
Start importing Assets/Packages/Dice/Resources using Guid(3b4199dcb3a34c245a6ab11741d1df4b) Importer(815301076,1909f56bfc062723c751e8b465ee728b)  -> (artifact id: 'c77d71ac8fd76afe0c0ef088e18fe464') in 0.001882 seconds 
========================================================================
Received Import Request.
  Time since last request: 1.029526 seconds.
  path: Assets/Packages/Dice/Resources/Materials
  artifactKey: Guid(1866cd57e97dd95458d536a541fb6869) Importer(815301076,1909f56bfc062723c751e8b465ee728b)
Start importing Assets/Packages/Dice/Resources/Materials using Guid(1866cd57e97dd95458d536a541fb6869) Importer(815301076,1909f56bfc062723c751e8b465ee728b)  -> (artifact id: '545ef03044ce8423849da82f97c49e07') in 0.002426 seconds 
========================================================================
Received Import Request.
  Time since last request: 0.936068 seconds.
  path: Assets/Packages/Dice/Resources/Materials/d6
  artifactKey: Guid(43929c76597021a429c81c1913b27a32) Importer(815301076,1909f56bfc062723c751e8b465ee728b)
Start importing Assets/Packages/Dice/Resources/Materials/d6 using Guid(43929c76597021a429c81c1913b27a32) Importer(815301076,1909f56bfc062723c751e8b465ee728b)  -> (artifact id: 'd0d846897d1c50e556f0837aafbbc6df') in 0.002142 seconds 
========================================================================
Received Import Request.
  Time since last request: 0.041239 seconds.
  path: Assets/Packages/Dice/Resources/Materials/d6/d6-black-dots.mat
  artifactKey: Guid(2d23a50a406aff5458cc0d241bfae019) Importer(815301076,1909f56bfc062723c751e8b465ee728b)
Start importing Assets/Packages/Dice/Resources/Materials/d6/d6-black-dots.mat using Guid(2d23a50a406aff5458cc0d241bfae019) Importer(815301076,1909f56bfc062723c751e8b465ee728b)  -> (artifact id: '58c9f44138a7d1aea21f70d3afa85a40') in 0.244532 seconds 
========================================================================
Received Import Request.
  Time since last request: 0.000042 seconds.
  path: Assets/Packages/Dice/Resources/Materials/d6/d6-green.mat
  artifactKey: Guid(385bf750768ab334dbabe5e20e108a5f) Importer(815301076,1909f56bfc062723c751e8b465ee728b)
Start importing Assets/Packages/Dice/Resources/Materials/d6/d6-green.mat using Guid(385bf750768ab334dbabe5e20e108a5f) Importer(815301076,1909f56bfc062723c751e8b465ee728b)  -> (artifact id: '159e0b7767f9e5f27a78a06a2acee2e1') in 0.013414 seconds 
========================================================================
Received Import Request.
  Time since last request: 0.000039 seconds.
  path: Assets/Packages/Dice/Resources/Materials/d6/d6-white-dots.mat
  artifactKey: Guid(90eb9b65faccf864a8ec41e32802c85c) Importer(815301076,1909f56bfc062723c751e8b465ee728b)
Start importing Assets/Packages/Dice/Resources/Materials/d6/d6-white-dots.mat using Guid(90eb9b65faccf864a8ec41e32802c85c) Importer(815301076,1909f56bfc062723c751e8b465ee728b)  -> (artifact id: '17dbe89679b4832dd4a2215f856a31a9') in 0.016369 seconds 
========================================================================
Received Import Request.
  Time since last request: 0.000029 seconds.
  path: Assets/Packages/Dice/Resources/Materials/d6/d6-red.mat
  artifactKey: Guid(3c9ac9c6b31450740a720dfef2eb1964) Importer(815301076,1909f56bfc062723c751e8b465ee728b)
Start importing Assets/Packages/Dice/Resources/Materials/d6/d6-red.mat using Guid(3c9ac9c6b31450740a720dfef2eb1964) Importer(815301076,1909f56bfc062723c751e8b465ee728b)  -> (artifact id: 'd2a51e16f1799fb311790ed095a46aeb') in 0.012366 seconds 
========================================================================
Received Import Request.
  Time since last request: 0.000026 seconds.
  path: Assets/Packages/Dice/Resources/Materials/d6/d6-green-dots.mat
  artifactKey: Guid(77f5f6f15d2d29540a295443981a6a3a) Importer(815301076,1909f56bfc062723c751e8b465ee728b)
Start importing Assets/Packages/Dice/Resources/Materials/d6/d6-green-dots.mat using Guid(77f5f6f15d2d29540a295443981a6a3a) Importer(815301076,1909f56bfc062723c751e8b465ee728b)  -> (artifact id: 'df88db2277710788ea7f2d85cab62f00') in 0.012088 seconds 
========================================================================
Received Import Request.
  Time since last request: 0.000034 seconds.
  path: Assets/Packages/Dice/Resources/Materials/d6/d6-white.mat
  artifactKey: Guid(312ed6909ba151f419344958083e6c20) Importer(815301076,1909f56bfc062723c751e8b465ee728b)
Start importing Assets/Packages/Dice/Resources/Materials/d6/d6-white.mat using Guid(312ed6909ba151f419344958083e6c20) Importer(815301076,1909f56bfc062723c751e8b465ee728b)  -> (artifact id: '16b3a1607c49a92ddd17db91b1dbe4c4') in 0.012220 seconds 
========================================================================
Received Import Request.
  Time since last request: 0.000031 seconds.
  path: Assets/Packages/Dice/Resources/Materials/d6/d6-blue-dots.mat
  artifactKey: Guid(24c2e7f3a6e877041b9348b77baffb2c) Importer(815301076,1909f56bfc062723c751e8b465ee728b)
Start importing Assets/Packages/Dice/Resources/Materials/d6/d6-blue-dots.mat using Guid(24c2e7f3a6e877041b9348b77baffb2c) Importer(815301076,1909f56bfc062723c751e8b465ee728b)  -> (artifact id: '75ad055ee7adc974fc0930eb20f3b36a') in 0.013893 seconds 
========================================================================
Received Import Request.
  Time since last request: 2.641736 seconds.
  path: Assets/Packages/Dice/Resources/Textures/d6/d6-yellow.png
  artifactKey: Guid(3a6c4e5834a979344956437e8518b75c) Importer(815301076,1909f56bfc062723c751e8b465ee728b)
Start importing Assets/Packages/Dice/Resources/Textures/d6/d6-yellow.png using Guid(3a6c4e5834a979344956437e8518b75c) Importer(815301076,1909f56bfc062723c751e8b465ee728b)  -> (artifact id: '0747e2a84c67327f1280e18f1381b70d') in 0.054138 seconds 
========================================================================
Received Import Request.
  Time since last request: 11.924038 seconds.
  path: Assets/Packages/Dice/Resources/Materials/d10/d10-blue.mat
  artifactKey: Guid(304ff072444d0f14a9375924a0df8aea) Importer(815301076,1909f56bfc062723c751e8b465ee728b)
Start importing Assets/Packages/Dice/Resources/Materials/d10/d10-blue.mat using Guid(304ff072444d0f14a9375924a0df8aea) Importer(815301076,1909f56bfc062723c751e8b465ee728b)  -> (artifact id: '4f3adff28444bd01d66391168d164060') in 0.013009 seconds 
========================================================================
Received Import Request.
  Time since last request: 0.000025 seconds.
  path: Assets/Packages/Dice/Resources/Materials/d10/d10-white.mat
  artifactKey: Guid(c2a072f91a25ca3429a0e0de2ea8ad18) Importer(815301076,1909f56bfc062723c751e8b465ee728b)
Start importing Assets/Packages/Dice/Resources/Materials/d10/d10-white.mat using Guid(c2a072f91a25ca3429a0e0de2ea8ad18) Importer(815301076,1909f56bfc062723c751e8b465ee728b)  -> (artifact id: 'cbb70deee9cafb0e6b8888a3d6e781e0') in 0.012094 seconds 
========================================================================
Received Import Request.
  Time since last request: 0.000030 seconds.
  path: Assets/Packages/Dice/Resources/Materials/d10/d10-red.mat
  artifactKey: Guid(515956d9687e0a7489de993ce3dc66e2) Importer(815301076,1909f56bfc062723c751e8b465ee728b)
Start importing Assets/Packages/Dice/Resources/Materials/d10/d10-red.mat using Guid(515956d9687e0a7489de993ce3dc66e2) Importer(815301076,1909f56bfc062723c751e8b465ee728b)  -> (artifact id: 'e3d163d19a95fea2639c83bab3698eb7') in 0.011287 seconds 
========================================================================
Received Import Request.
  Time since last request: 0.881830 seconds.
  path: Assets/Packages/Dice/Resources/Textures/d10/d10-normal.png
  artifactKey: Guid(cb6f7b2b32eeb8d41aacc59356dfa6e3) Importer(815301076,1909f56bfc062723c751e8b465ee728b)
Start importing Assets/Packages/Dice/Resources/Textures/d10/d10-normal.png using Guid(cb6f7b2b32eeb8d41aacc59356dfa6e3) Importer(815301076,1909f56bfc062723c751e8b465ee728b)  -> (artifact id: '6241c91f416b8ac07ed48d46eac5908d') in 0.015257 seconds 
========================================================================
Received Import Request.
  Time since last request: 6.960480 seconds.
  path: Assets/Packages/Dice/Resources/Materials/general/dice-material.physicMaterial
  artifactKey: Guid(ebbf393b19c307d4e896d9ce6f61c4fe) Importer(815301076,1909f56bfc062723c751e8b465ee728b)
Start importing Assets/Packages/Dice/Resources/Materials/general/dice-material.physicMaterial using Guid(ebbf393b19c307d4e896d9ce6f61c4fe) Importer(815301076,1909f56bfc062723c751e8b465ee728b)  -> (artifact id: 'e67730b56128df92e8e3c08bdb3b7469') in 0.002882 seconds 
========================================================================
Received Import Request.
  Time since last request: 13.161542 seconds.
  path: Assets/Packages/Dice/Resources/Prefabs/d6.prefab
  artifactKey: Guid(3bbbc25881226434b86bd98e9424cd6c) Importer(815301076,1909f56bfc062723c751e8b465ee728b)
Start importing Assets/Packages/Dice/Resources/Prefabs/d6.prefab using Guid(3bbbc25881226434b86bd98e9424cd6c) Importer(815301076,1909f56bfc062723c751e8b465ee728b)  -> (artifact id: 'e09afac125f71bd707701fdb79584ad8') in 0.025794 seconds 
========================================================================
Received Import Request.
  Time since last request: 0.000033 seconds.
  path: Assets/Packages/Dice/Resources/Prefabs/d10.prefab
  artifactKey: Guid(a7d97a6373e22f94c8e2d68ea3b8195e) Importer(815301076,1909f56bfc062723c751e8b465ee728b)
Start importing Assets/Packages/Dice/Resources/Prefabs/d10.prefab using Guid(a7d97a6373e22f94c8e2d68ea3b8195e) Importer(815301076,1909f56bfc062723c751e8b465ee728b)  -> (artifact id: 'acb770effecdedbfd197757492a87ac5') in 0.012630 seconds 
========================================================================
Received Import Request.
  Time since last request: 8.408194 seconds.
  path: Assets/Packages/Dice/Resources/Prefabs/_FBX/Materials/dice-d6-red__d6-b-red_png.mat
  artifactKey: Guid(5327ea3b15bc90543962fecbf5b94fe9) Importer(815301076,1909f56bfc062723c751e8b465ee728b)
Start importing Assets/Packages/Dice/Resources/Prefabs/_FBX/Materials/dice-d6-red__d6-b-red_png.mat using Guid(5327ea3b15bc90543962fecbf5b94fe9) Importer(815301076,1909f56bfc062723c751e8b465ee728b)  -> (artifact id: '1fa147319a70959d59dc0599e47cd3d7') in 0.013145 seconds 
========================================================================
Received Import Request.
  Time since last request: 0.000036 seconds.
  path: Assets/Packages/Dice/Resources/Prefabs/_FBX/Materials/dice-material__tiles_jpg.mat
  artifactKey: Guid(fb84d468c51919341b7e8d5da0862aed) Importer(815301076,1909f56bfc062723c751e8b465ee728b)
Start importing Assets/Packages/Dice/Resources/Prefabs/_FBX/Materials/dice-material__tiles_jpg.mat using Guid(fb84d468c51919341b7e8d5da0862aed) Importer(815301076,1909f56bfc062723c751e8b465ee728b)  -> (artifact id: '19da8c36a79cfe8a0507df9007aff97a') in 0.012910 seconds 
========================================================================
Received Import Request.
  Time since last request: 0.000039 seconds.
  path: Assets/Packages/Dice/Resources/Prefabs/_FBX/Materials/dice-none__d12-red_png.mat
  artifactKey: Guid(cb39e5649c6da044095ce0ac3d7cc2aa) Importer(815301076,1909f56bfc062723c751e8b465ee728b)
Start importing Assets/Packages/Dice/Resources/Prefabs/_FBX/Materials/dice-none__d12-red_png.mat using Guid(cb39e5649c6da044095ce0ac3d7cc2aa) Importer(815301076,1909f56bfc062723c751e8b465ee728b)  -> (artifact id: '96a19683c0e89cce8102cb4a3e5b0555') in 0.012792 seconds 
========================================================================
Received Import Request.
  Time since last request: 24.544774 seconds.
  path: Assets/Packages/Dice/Resources/Textures/d6/d6-black.png
  artifactKey: Guid(5032bc7f65cb08d4abce93b85d8a7253) Importer(815301076,1909f56bfc062723c751e8b465ee728b)
Start importing Assets/Packages/Dice/Resources/Textures/d6/d6-black.png using Guid(5032bc7f65cb08d4abce93b85d8a7253) Importer(815301076,1909f56bfc062723c751e8b465ee728b)  -> (artifact id: '7d4b37800b42c5fbe61eb5c6b89beb89') in 0.012206 seconds 
========================================================================
Received Import Request.
  Time since last request: 0.000034 seconds.
  path: Assets/Packages/Dice/Resources/Textures/d6/d6-blue.png
  artifactKey: Guid(fbaf0f47284fb1e49a1d1636a9af2f03) Importer(815301076,1909f56bfc062723c751e8b465ee728b)
Start importing Assets/Packages/Dice/Resources/Textures/d6/d6-blue.png using Guid(fbaf0f47284fb1e49a1d1636a9af2f03) Importer(815301076,1909f56bfc062723c751e8b465ee728b)  -> (artifact id: 'bd476570e4a46cd5514c57cf60f87717') in 0.013094 seconds 
========================================================================
Received Import Request.
  Time since last request: 0.000047 seconds.
  path: Assets/Packages/Dice/Resources/Textures/d6/d6-red.png
  artifactKey: Guid(32f5116934e124e45ad24646c99f0837) Importer(815301076,1909f56bfc062723c751e8b465ee728b)
Start importing Assets/Packages/Dice/Resources/Textures/d6/d6-red.png using Guid(32f5116934e124e45ad24646c99f0837) Importer(815301076,1909f56bfc062723c751e8b465ee728b)  -> (artifact id: 'b3d215fb3c4dc1d5672b15218aed615f') in 0.013865 seconds 
========================================================================
Received Import Request.
  Time since last request: 4.451007 seconds.
  path: Assets/Packages/Dice/Resources/Textures/d10/d10-green.png
  artifactKey: Guid(a4c37baf363baf1468d5a4ca0ac4f226) Importer(815301076,1909f56bfc062723c751e8b465ee728b)
Start importing Assets/Packages/Dice/Resources/Textures/d10/d10-green.png using Guid(a4c37baf363baf1468d5a4ca0ac4f226) Importer(815301076,1909f56bfc062723c751e8b465ee728b)  -> (artifact id: '6c19e66f3dbb43197181bc5ded475991') in 0.010630 seconds 
========================================================================
Received Import Request.
  Time since last request: 2.184823 seconds.
  path: Assets/Packages/Dice/Resources/Textures/GUI-selector/select-d6.png
  artifactKey: Guid(32df26af474b86240aec0f20e53f2b98) Importer(815301076,1909f56bfc062723c751e8b465ee728b)
Start importing Assets/Packages/Dice/Resources/Textures/GUI-selector/select-d6.png using Guid(32df26af474b86240aec0f20e53f2b98) Importer(815301076,1909f56bfc062723c751e8b465ee728b)  -> (artifact id: '3b5389f45266a7d167d64c6ef361e84a') in 0.011945 seconds 
========================================================================
Received Prepare
Registering precompiled user dll's ...
Registered in 0.010825 seconds.
Begin MonoManager ReloadAssembly
Symbol file LoadedFromMemory doesn't match image C:\Users\devon\Desktop\MissingGames\Getting-Dicey-main\Getting-Dicey-main\Getting Dicey\Library\PackageCache\com.unity.visualscripting@1.8.0\Editor\VisualScripting.Core\Dependencies\YamlDotNet\Unity.VisualScripting.YamlDotNet.dll
Symbol file LoadedFromMemory doesn't match image C:\Users\devon\Desktop\MissingGames\Getting-Dicey-main\Getting-Dicey-main\Getting Dicey\Library\PackageCache\com.unity.visualscripting@1.8.0\Editor\VisualScripting.Core\Dependencies\DotNetZip\Unity.VisualScripting.IonicZip.dll
Native extension for WindowsStandalone target not found
Refreshing native plugins compatible for Editor in 1.50 ms, found 3 plugins.
Preloading 0 native plugins for Editor in 0.00 ms.
Mono: successfully reloaded assembly
- Completed reload, in  1.563 seconds
Domain Reload Profiling:
	ReloadAssembly (1564ms)
		BeginReloadAssembly (177ms)
			ExecutionOrderSort (0ms)
			DisableScriptedObjects (7ms)
			BackupInstance (0ms)
			ReleaseScriptingObjects (0ms)
			CreateAndSetChildDomain (55ms)
		EndReloadAssembly (1259ms)
			LoadAssemblies (118ms)
			RebuildTransferFunctionScriptingTraits (0ms)
			SetupTypeCache (420ms)
			ReleaseScriptCaches (3ms)
			RebuildScriptCaches (68ms)
			SetupLoadedEditorAssemblies (562ms)
				LogAssemblyErrors (0ms)
				InitializePlatformSupportModulesInManaged (15ms)
				SetLoadedEditorAssemblies (1ms)
				RefreshPlugins (2ms)
				BeforeProcessingInitializeOnLoad (122ms)
				ProcessInitializeOnLoadAttributes (322ms)
				ProcessInitializeOnLoadMethodAttributes (89ms)
				AfterProcessingInitializeOnLoad (11ms)
				EditorAssembliesLoaded (0ms)
			ExecutionOrderSort2 (0ms)
			AwakeInstancesAfterBackupRestoration (15ms)
Platform modules already initialized, skipping
Refreshing native plugins compatible for Editor in 3.28 ms, found 3 plugins.
Preloading 0 native plugins for Editor in 0.00 ms.
Unloading 5374 Unused Serialized files (Serialized files now loaded: 0)
Unloading 29 unused Assets / (0.7 MB). Loaded Objects now: 6057.
Memory consumption went from 218.3 MB to 217.7 MB.
Total: 4.283600 ms (FindLiveObjects: 0.555400 ms CreateObjectMapping: 0.158600 ms MarkObjects: 3.243600 ms  DeleteObjects: 0.324800 ms)

AssetImportParameters requested are different than current active one (requested -> active):
  custom:video-decoder-ogg-theora: a1e56fd34408186e4bbccfd4996cb3dc -> 
  custom:container-muxer-webm: aa71ff27fc2769a1b78a27578f13a17b -> 
  custom:container-demuxer-webm: 4f35f7cbe854078d1ac9338744f61a02 -> 
  custom:video-encoder-webm-vp8: eb34c28f22e8b96e1ab97ce403110664 -> 
  custom:audio-encoder-webm-vorbis: bf7c407c2cedff20999df2af8eb42d56 -> 
  custom:framework-win-MediaFoundation: 216162199b28c13a410421893ffa2e32 -> 
  custom:container-demuxer-ogg: 62fdf1f143b41e24485cea50d1cbac27 -> 
  custom:video-decoder-webm-vp8: 9c59270c3fd7afecdb556c50c9e8de78 -> 
  custom:audio-decoder-ogg-vorbis: bf7c407c2cedff20999df2af8eb42d56 -> 
Editor requested this worker to shutdown with reason: Scaling down because of idle timeout
AssetImportWorker is now disconnected from the server
Process exiting
Exiting without the bug reporter. Application will terminate with return code 0